2025-07-07 00:08:23,447 - INFO - Model.pkl loaded successfully
2025-07-07 00:08:23,447 - INFO - FastAPI app started and ready to receive requests.
2025-07-07 00:09:11,649 - INFO - FastAPI app shutting down.
2025-07-07 00:09:37,577 - INFO - Model.pkl loaded successfully
2025-07-07 00:09:37,585 - INFO - FastAPI app started and ready to receive requests.
2025-07-07 00:11:37,270 - INFO - Model.pkl loaded successfully
2025-07-07 00:11:37,309 - INFO - FastAPI app started and ready to receive requests.
2025-07-07 00:12:27,975 - INFO - FastAPI app shutting down.
2025-07-07 00:12:40,483 - INFO - Model.pkl loaded successfully
2025-07-07 00:12:40,496 - INFO - FastAPI app started and ready to receive requests.
2025-07-07 00:15:33,954 - INFO - Model.pkl loaded successfully
2025-07-07 00:15:33,972 - INFO - FastAPI app started and ready to receive requests.
2025-07-07 00:16:47,051 - INFO - FastAPI app shutting down.
2025-07-07 00:16:57,321 - INFO - Model.pkl loaded successfully
2025-07-07 00:16:57,321 - INFO - FastAPI app started and ready to receive requests.
2025-07-07 00:17:20,108 - INFO - Prediction result: Heart Disease Detected
2025-07-07 00:17:27,264 - INFO - FastAPI app shutting down.
2025-07-07 00:39:29,734 - INFO - Streamlit app launched.
2025-07-07 00:39:40,126 - INFO - Streamlit app launched.
2025-07-07 00:39:41,300 - INFO - Streamlit app launched.
2025-07-07 00:39:43,900 - INFO - Streamlit app launched.
2025-07-07 00:39:48,704 - INFO - Streamlit app launched.
2025-07-07 00:39:55,880 - INFO - Streamlit app launched.
2025-07-07 00:39:57,057 - INFO - Streamlit app launched.
2025-07-07 00:40:05,476 - INFO - Streamlit app launched.
2025-07-07 00:40:07,694 - INFO - Streamlit app launched.
2025-07-07 00:40:09,281 - INFO - Streamlit app launched.
2025-07-07 00:40:23,828 - INFO - Streamlit app launched.
2025-07-07 00:40:25,833 - INFO - Streamlit app launched.
2025-07-07 00:40:26,469 - INFO - Streamlit app launched.
2025-07-07 00:40:36,898 - INFO - Streamlit app launched.
2025-07-07 00:40:40,697 - INFO - Streamlit app launched.
2025-07-07 00:40:57,949 - INFO - Streamlit app launched.
2025-07-07 00:57:08,486 - INFO - Streamlit app launched.
2025-07-07 00:58:07,270 - INFO - Model.pkl loaded successfully
2025-07-07 00:58:07,842 - INFO - Prediction result: No Heart Disease
